<?xml version="1.0" encoding="UTF-8"?>
<!-- Generated by org.testng.reporters.JUnitXMLReporter -->
<testsuite hostname="DESKTOP-SH9FNBM" ignored="0" name="BankingApp Test" tests="2" failures="0" timestamp="2020-09-02T13:25:28 PDT" time="29.077" errors="0">
  <testcase name="loginTest" time="1.046" classname="com.firstMavenProject.testCases.TC_firstMavenProject_001"/>
  <testcase name="addNewCustomer" time="13.604" classname="com.firstMavenProject.testCases.TC_AddCustomerTest_003"/>
</testsuite> <!-- BankingApp Test -->
