<?xml version="1.0" encoding="UTF-8"?>
<testng-results skipped="0" failed="0" ignored="0" total="2" passed="2">
  <reporter-output>
  </reporter-output>
  <suite name="firstMavenProject" duration-ms="29077" started-at="2020-09-02T13:24:59 PDT" finished-at="2020-09-02T13:25:28 PDT">
    <groups>
    </groups>
    <test name="BankingApp Test" duration-ms="29077" started-at="2020-09-02T13:24:59 PDT" finished-at="2020-09-02T13:25:28 PDT">
      <class name="com.firstMavenProject.testCases.TC_AddCustomerTest_003">
        <test-method status="PASS" signature="setup(java.lang.String)[pri:0, instance:com.firstMavenProject.testCases.TC_AddCustomerTest_003@6fd02e5]" name="setup" is-config="true" duration-ms="6285" started-at="2020-09-02T13:25:07 PDT" finished-at="2020-09-02T13:25:14 PDT">
          <params>
            <param index="0">
              <value>
                <![CDATA[chrome]]>
              </value>
            </param>
          </params>
          <reporter-output>
          </reporter-output>
        </test-method> <!-- setup -->
        <test-method status="PASS" signature="addNewCustomer()[pri:0, instance:com.firstMavenProject.testCases.TC_AddCustomerTest_003@6fd02e5]" name="addNewCustomer" duration-ms="13604" started-at="2020-09-02T13:25:14 PDT" finished-at="2020-09-02T13:25:27 PDT">
          <reporter-output>
          </reporter-output>
        </test-method> <!-- addNewCustomer -->
        <test-method status="PASS" signature="tearDown()[pri:0, instance:com.firstMavenProject.testCases.TC_AddCustomerTest_003@6fd02e5]" name="tearDown" is-config="true" duration-ms="629" started-at="2020-09-02T13:25:27 PDT" finished-at="2020-09-02T13:25:28 PDT">
          <reporter-output>
          </reporter-output>
        </test-method> <!-- tearDown -->
      </class> <!-- com.firstMavenProject.testCases.TC_AddCustomerTest_003 -->
      <class name="com.firstMavenProject.testCases.TC_firstMavenProject_001">
        <test-method status="PASS" signature="setup(java.lang.String)[pri:0, instance:com.firstMavenProject.testCases.TC_firstMavenProject_001@5700d6b1]" name="setup" is-config="true" duration-ms="6789" started-at="2020-09-02T13:24:59 PDT" finished-at="2020-09-02T13:25:06 PDT">
          <params>
            <param index="0">
              <value>
                <![CDATA[chrome]]>
              </value>
            </param>
          </params>
          <reporter-output>
          </reporter-output>
        </test-method> <!-- setup -->
        <test-method status="PASS" signature="loginTest()[pri:0, instance:com.firstMavenProject.testCases.TC_firstMavenProject_001@5700d6b1]" name="loginTest" duration-ms="1046" started-at="2020-09-02T13:25:06 PDT" finished-at="2020-09-02T13:25:07 PDT">
          <reporter-output>
          </reporter-output>
        </test-method> <!-- loginTest -->
        <test-method status="PASS" signature="tearDown()[pri:0, instance:com.firstMavenProject.testCases.TC_firstMavenProject_001@5700d6b1]" name="tearDown" is-config="true" duration-ms="601" started-at="2020-09-02T13:25:07 PDT" finished-at="2020-09-02T13:25:07 PDT">
          <reporter-output>
          </reporter-output>
        </test-method> <!-- tearDown -->
      </class> <!-- com.firstMavenProject.testCases.TC_firstMavenProject_001 -->
    </test> <!-- BankingApp Test -->
  </suite> <!-- firstMavenProject -->
</testng-results>
