<?xml version="1.0" encoding="UTF-8"?>
<!-- Generated by org.testng.reporters.JUnitXMLReporter -->
<testsuite hostname="DESKTOP-SH9FNBM" ignored="0" name="BankingApp Test" tests="2" failures="0" timestamp="2020-09-01T15:40:17 PDT" time="32.175" errors="0">
  <testcase name="loginTest" time="1.247" classname="com.firstMavenProject.testCases.TC_firstMavenProject_001"/>
  <testcase name="addNewCustomer" time="14.863" classname="com.firstMavenProject.testCases.TC_AddCustomerTest_003"/>
</testsuite> <!-- BankingApp Test -->
